[2023-04-23 12:29:28:2286][restartedMain] DEBUG o.s.w.s.m.m.a.RequestMappingHandlerAdapter - ControllerAdvice beans: 0 @ModelAttribute, 0 @InitBinder, 1 RequestBodyAdvice, 1 ResponseBodyAdvice
[2023-04-23 12:29:28:2318][restartedMain] DEBUG o.s.w.s.m.m.a.RequestMappingHandlerMapping - 5 mappings in 'requestMappingHandlerMapping'
[2023-04-23 12:29:28:2328][restartedMain] DEBUG o.s.w.s.h.SimpleUrlHandlerMapping - Patterns [/webjars/**, /**] in 'resourceHandlerMapping'
[2023-04-23 12:29:28:2333][restartedMain] DEBUG o.s.w.s.m.m.a.ExceptionHandlerExceptionResolver - ControllerAdvice beans: 0 @ExceptionHandler, 1 ResponseBodyAdvice
[2023-04-23 12:29:29:3647][http-nio-80-exec-1] INFO  o.s.web.servlet.DispatcherServlet - Initializing Servlet 'dispatcherServlet'
[2023-04-23 12:29:29:3648][http-nio-80-exec-1] DEBUG o.s.web.servlet.DispatcherServlet - Detected StandardServletMultipartResolver
[2023-04-23 12:29:29:3648][http-nio-80-exec-1] DEBUG o.s.web.servlet.DispatcherServlet - Detected AcceptHeaderLocaleResolver
[2023-04-23 12:29:29:3648][http-nio-80-exec-1] DEBUG o.s.web.servlet.DispatcherServlet - Detected FixedThemeResolver
[2023-04-23 12:29:29:3649][http-nio-80-exec-1] DEBUG o.s.web.servlet.DispatcherServlet - Detected org.springframework.web.servlet.view.DefaultRequestToViewNameTranslator@6fec3d00
[2023-04-23 12:29:29:3649][http-nio-80-exec-1] DEBUG o.s.web.servlet.DispatcherServlet - Detected org.springframework.web.servlet.support.SessionFlashMapManager@b0ab996
[2023-04-23 12:29:29:3649][http-nio-80-exec-1] DEBUG o.s.web.servlet.DispatcherServlet - enableLoggingRequestDetails='false': request parameters and headers will be masked to prevent unsafe logging of potentially sensitive data
[2023-04-23 12:29:29:3649][http-nio-80-exec-1] INFO  o.s.web.servlet.DispatcherServlet - Completed initialization in 1 ms
[2023-04-23 12:29:29:3655][http-nio-80-exec-1] DEBUG o.s.web.servlet.DispatcherServlet - GET "/", parameters={}
[2023-04-23 12:29:29:3659][http-nio-80-exec-1] DEBUG o.s.w.s.m.m.a.RequestMappingHandlerMapping - Mapped to com.kbstar.controller.MainController#main()
[2023-04-23 12:29:29:3669][http-nio-80-exec-1] DEBUG o.s.w.s.v.ContentNegotiatingViewResolver - Selected 'text/html' given [text/html, application/xhtml+xml, image/avif, image/webp, image/apng, application/xml;q=0.9, application/signed-exchange;v=b3;q=0.7, */*;q=0.8]
[2023-04-23 12:29:29:3669][http-nio-80-exec-1] DEBUG o.s.web.servlet.view.JstlView - View name 'index', model {}
[2023-04-23 12:29:29:3670][http-nio-80-exec-1] DEBUG o.s.web.servlet.view.JstlView - Forwarding to [/views/index.jsp]
[2023-04-23 12:29:30:4036][http-nio-80-exec-2] DEBUG o.s.web.servlet.DispatcherServlet - GET "/vendor/fontawesome-free/css/all.min.css", parameters={}
[2023-04-23 12:29:30:4036][http-nio-80-exec-4] DEBUG o.s.web.servlet.DispatcherServlet - GET "/img/undraw_rocket.svg", parameters={}
[2023-04-23 12:29:30:4036][http-nio-80-exec-6] DEBUG o.s.web.servlet.DispatcherServlet - GET "/img/undraw_profile_2.svg", parameters={}
[2023-04-23 12:29:30:4036][http-nio-80-exec-3] DEBUG o.s.web.servlet.DispatcherServlet - GET "/css/sb-admin-2.min.css", parameters={}
[2023-04-23 12:29:30:4036][http-nio-80-exec-5] DEBUG o.s.web.servlet.DispatcherServlet - GET "/img/undraw_profile_1.svg", parameters={}
[2023-04-23 12:29:30:4038][http-nio-80-exec-5] DEBUG o.s.w.s.h.SimpleUrlHandlerMapping - Mapped to ResourceHttpRequestHandler [classpath [META-INF/resources/], classpath [resources/], classpath [static/], classpath [public/], ServletContext [/]]
[2023-04-23 12:29:30:4038][http-nio-80-exec-2] DEBUG o.s.w.s.h.SimpleUrlHandlerMapping - Mapped to ResourceHttpRequestHandler [classpath [META-INF/resources/], classpath [resources/], classpath [static/], classpath [public/], ServletContext [/]]
[2023-04-23 12:29:30:4038][http-nio-80-exec-4] DEBUG o.s.w.s.h.SimpleUrlHandlerMapping - Mapped to ResourceHttpRequestHandler [classpath [META-INF/resources/], classpath [resources/], classpath [static/], classpath [public/], ServletContext [/]]
[2023-04-23 12:29:30:4038][http-nio-80-exec-6] DEBUG o.s.w.s.h.SimpleUrlHandlerMapping - Mapped to ResourceHttpRequestHandler [classpath [META-INF/resources/], classpath [resources/], classpath [static/], classpath [public/], ServletContext [/]]
[2023-04-23 12:29:30:4038][http-nio-80-exec-3] DEBUG o.s.w.s.h.SimpleUrlHandlerMapping - Mapped to ResourceHttpRequestHandler [classpath [META-INF/resources/], classpath [resources/], classpath [static/], classpath [public/], ServletContext [/]]
[2023-04-23 12:29:30:4044][http-nio-80-exec-5] DEBUG o.s.web.servlet.DispatcherServlet - Completed 200 OK
[2023-04-23 12:29:30:4045][http-nio-80-exec-2] DEBUG o.s.web.servlet.DispatcherServlet - Completed 200 OK
[2023-04-23 12:29:30:4045][http-nio-80-exec-4] DEBUG o.s.web.servlet.DispatcherServlet - Completed 200 OK
[2023-04-23 12:29:30:4045][http-nio-80-exec-3] DEBUG o.s.web.servlet.DispatcherServlet - Completed 200 OK
[2023-04-23 12:29:30:4046][http-nio-80-exec-6] DEBUG o.s.web.servlet.DispatcherServlet - Completed 200 OK
[2023-04-23 12:29:30:4047][http-nio-80-exec-5] DEBUG o.s.web.servlet.DispatcherServlet - GET "/img/undraw_profile_3.svg", parameters={}
[2023-04-23 12:29:30:4047][http-nio-80-exec-5] DEBUG o.s.w.s.h.SimpleUrlHandlerMapping - Mapped to ResourceHttpRequestHandler [classpath [META-INF/resources/], classpath [resources/], classpath [static/], classpath [public/], ServletContext [/]]
[2023-04-23 12:29:30:4048][http-nio-80-exec-5] DEBUG o.s.web.servlet.DispatcherServlet - Completed 200 OK
[2023-04-23 12:29:30:4070][http-nio-80-exec-1] DEBUG o.s.web.servlet.DispatcherServlet - Completed 200 OK
[2023-04-23 12:29:30:4114][http-nio-80-exec-7] DEBUG o.s.web.servlet.DispatcherServlet - GET "/vendor/fontawesome-free/webfonts/fa-solid-900.woff2", parameters={}
[2023-04-23 12:29:30:4114][http-nio-80-exec-8] DEBUG o.s.web.servlet.DispatcherServlet - GET "/img/undraw_profile.svg", parameters={}
[2023-04-23 12:29:30:4114][http-nio-80-exec-7] DEBUG o.s.w.s.h.SimpleUrlHandlerMapping - Mapped to ResourceHttpRequestHandler [classpath [META-INF/resources/], classpath [resources/], classpath [static/], classpath [public/], ServletContext [/]]
[2023-04-23 12:29:30:4114][http-nio-80-exec-8] DEBUG o.s.w.s.h.SimpleUrlHandlerMapping - Mapped to ResourceHttpRequestHandler [classpath [META-INF/resources/], classpath [resources/], classpath [static/], classpath [public/], ServletContext [/]]
[2023-04-23 12:29:30:4116][http-nio-80-exec-8] DEBUG o.s.web.servlet.DispatcherServlet - Completed 200 OK
[2023-04-23 12:29:30:4120][http-nio-80-exec-10] DEBUG o.s.web.servlet.DispatcherServlet - GET "/vendor/jquery/jquery.min.js", parameters={}
[2023-04-23 12:29:30:4120][http-nio-80-exec-4] DEBUG o.s.web.servlet.DispatcherServlet - GET "/js/sb-admin-2.min.js", parameters={}
[2023-04-23 12:29:30:4120][http-nio-80-exec-3] DEBUG o.s.web.servlet.DispatcherServlet - GET "/vendor/bootstrap/js/bootstrap.bundle.min.js", parameters={}
[2023-04-23 12:29:30:4120][http-nio-80-exec-9] DEBUG o.s.web.servlet.DispatcherServlet - GET "/img/undraw_posting_photo.svg", parameters={}
[2023-04-23 12:29:30:4120][http-nio-80-exec-10] DEBUG o.s.w.s.h.SimpleUrlHandlerMapping - Mapped to ResourceHttpRequestHandler [classpath [META-INF/resources/], classpath [resources/], classpath [static/], classpath [public/], ServletContext [/]]
[2023-04-23 12:29:30:4120][http-nio-80-exec-4] DEBUG o.s.w.s.h.SimpleUrlHandlerMapping - Mapped to ResourceHttpRequestHandler [classpath [META-INF/resources/], classpath [resources/], classpath [static/], classpath [public/], ServletContext [/]]
[2023-04-23 12:29:30:4121][http-nio-80-exec-9] DEBUG o.s.w.s.h.SimpleUrlHandlerMapping - Mapped to ResourceHttpRequestHandler [classpath [META-INF/resources/], classpath [resources/], classpath [static/], classpath [public/], ServletContext [/]]
[2023-04-23 12:29:30:4120][http-nio-80-exec-6] DEBUG o.s.web.servlet.DispatcherServlet - GET "/vendor/jquery-easing/jquery.easing.min.js", parameters={}
[2023-04-23 12:29:30:4121][http-nio-80-exec-3] DEBUG o.s.w.s.h.SimpleUrlHandlerMapping - Mapped to ResourceHttpRequestHandler [classpath [META-INF/resources/], classpath [resources/], classpath [static/], classpath [public/], ServletContext [/]]
[2023-04-23 12:29:30:4122][http-nio-80-exec-6] DEBUG o.s.w.s.h.SimpleUrlHandlerMapping - Mapped to ResourceHttpRequestHandler [classpath [META-INF/resources/], classpath [resources/], classpath [static/], classpath [public/], ServletContext [/]]
[2023-04-23 12:29:30:4123][http-nio-80-exec-9] DEBUG o.s.web.servlet.DispatcherServlet - Completed 200 OK
[2023-04-23 12:29:30:4124][http-nio-80-exec-4] DEBUG o.s.web.servlet.DispatcherServlet - Completed 200 OK
[2023-04-23 12:29:30:4124][http-nio-80-exec-2] DEBUG o.s.web.servlet.DispatcherServlet - GET "/js/demo/chart-area-demo.js", parameters={}
[2023-04-23 12:29:30:4124][http-nio-80-exec-6] DEBUG o.s.web.servlet.DispatcherServlet - Completed 200 OK
[2023-04-23 12:29:30:4124][http-nio-80-exec-2] DEBUG o.s.w.s.h.SimpleUrlHandlerMapping - Mapped to ResourceHttpRequestHandler [classpath [META-INF/resources/], classpath [resources/], classpath [static/], classpath [public/], ServletContext [/]]
[2023-04-23 12:29:30:4125][http-nio-80-exec-10] DEBUG o.s.web.servlet.DispatcherServlet - Completed 200 OK
[2023-04-23 12:29:30:4125][http-nio-80-exec-6] DEBUG o.s.web.servlet.DispatcherServlet - GET "/js/demo/chart-pie-demo.js", parameters={}
[2023-04-23 12:29:30:4125][http-nio-80-exec-2] DEBUG o.s.web.servlet.DispatcherServlet - Completed 200 OK
[2023-04-23 12:29:30:4125][http-nio-80-exec-7] DEBUG o.s.web.servlet.DispatcherServlet - Completed 200 OK
[2023-04-23 12:29:30:4126][http-nio-80-exec-3] DEBUG o.s.web.servlet.DispatcherServlet - Completed 200 OK
[2023-04-23 12:29:30:4126][http-nio-80-exec-6] DEBUG o.s.w.s.h.SimpleUrlHandlerMapping - Mapped to ResourceHttpRequestHandler [classpath [META-INF/resources/], classpath [resources/], classpath [static/], classpath [public/], ServletContext [/]]
[2023-04-23 12:29:30:4126][http-nio-80-exec-7] DEBUG o.s.web.servlet.DispatcherServlet - GET "/vendor/chart.js/Chart.min.js", parameters={}
[2023-04-23 12:29:30:4126][http-nio-80-exec-7] DEBUG o.s.w.s.h.SimpleUrlHandlerMapping - Mapped to ResourceHttpRequestHandler [classpath [META-INF/resources/], classpath [resources/], classpath [static/], classpath [public/], ServletContext [/]]
[2023-04-23 12:29:30:4127][http-nio-80-exec-6] DEBUG o.s.web.servlet.DispatcherServlet - Completed 200 OK
[2023-04-23 12:29:30:4129][http-nio-80-exec-7] DEBUG o.s.web.servlet.DispatcherServlet - Completed 200 OK
[2023-04-23 12:29:40:14673][http-nio-80-exec-5] DEBUG o.s.web.servlet.DispatcherServlet - GET "/tables", parameters={}
[2023-04-23 12:29:40:14679][http-nio-80-exec-5] DEBUG o.s.w.s.m.m.a.RequestMappingHandlerMapping - Mapped to com.kbstar.controller.ItemController#tables(Model)
[2023-04-23 12:29:40:14707][http-nio-80-exec-5] DEBUG o.s.w.s.v.ContentNegotiatingViewResolver - Selected 'text/html' given [text/html, application/xhtml+xml, image/avif, image/webp, image/apng, application/xml;q=0.9, application/signed-exchange;v=b3;q=0.7, */*;q=0.8]
[2023-04-23 12:29:40:14723][http-nio-80-exec-5] DEBUG o.s.web.servlet.view.JstlView - View name 'index', model {itemList=[Item(id=1, name=Item1, price=6946.0, imgName=a.jpg, regdate=Sun Apr 23 12:29:40 KST 2023), Item(id=2, name=Item2, price=7760.0, imgName=a.jpg, regdate=Sun Apr 23 12:29:40 KST 2023), Item(id=3, name=Item3, price=6653.0, imgName=a.jpg, regdate=Sun Apr 23 12:29:40 KST 2023), Item(id=4, name=Item4, price=5519.0, imgName=a.jpg, regdate=Sun Apr 23 12:29:40 KST 2023), Item(id=5, name=Item5, price=4254.0, imgName=a.jpg, regdate=Sun Apr 23 12:29:40 KST 2023), Item(id=6, name=Item6, price=9793.0, imgName=a.jpg, regdate=Sun Apr 23 12:29:40 KST 2023), Item(id=7, name=Item7, price=3189.0, imgName=a.jpg, regdate=Sun Apr 23 12:29:40 KST 2023), Item(id=8, name=Item8, price=5695.0, imgName=a.jpg, regdate=Sun Apr 23 12:29:40 KST 2023), Item(id=9, name=Item9, price=4303.0, imgName=a.jpg, regdate=Sun Apr 23 12:29:40 KST 2023), Item(id=10, name=Item10, price=6349.0, imgName=a.jpg, regdate=Sun Apr 23 12:29:40 KST 2023), Item(id=11, name=Item11, price=657.0, imgName=a.jpg, regdate=Sun Apr 23 12:29:40 KST 2023), Item(id=12, name=Item12, price=6588.0, imgName=a.jpg, regdate=Sun Apr 23 12:29:40 KST 2023), Item(id=13, name=Item13, price=1065.0, imgName=a.jpg, regdate=Sun Apr 23 12:29:40 KST 2023), Item(id=14, name=Item14, price=1785.0, imgName=a.jpg, regdate=Sun Apr 23 12:29:40 KST 2023), Item(id=15, name=Item15, price=1909.0, imgName=a.jpg, regdate=Sun Apr 23 12:29:40 KST 2023), Item(id=16, name=Item16, price=2319.0, imgName=a.jpg, regdate=Sun Apr 23 12:29:40 KST 2023), Item(id=17, name=Item17, price=2456.0, imgName=a.jpg, regdate=Sun Apr 23 12:29:40 KST 2023), Item(id=18, name=Item18, price=3021.0, imgName=a.jpg, regdate=Sun Apr 23 12:29:40 KST 2023), Item(id=19, name=Item19, price=9683.0, imgName=a.jpg, regdate=Sun Apr 23 12:29:40 KST 2023), Item(id=20, name=Item20, price=2971.0, imgName=a.jpg, regdate=Sun Apr 23 12:29:40 KST 2023), Item(id=21, name=Item21, price=2627.0, imgName=a.jpg, regdate=Sun Apr 23 12:29:40 KST 2023), Item(id=22, name=Item22, price=6855.0, imgName=a.jpg, regdate=Sun Apr 23 12:29:40 KST 2023), Item(id=23, name=Item23, price=6612.0, imgName=a.jpg, regdate=Sun Apr 23 12:29:40 KST 2023), Item(id=24, name=Item24, price=9026.0, imgName=a.jpg, regdate=Sun Apr 23 12:29:40 KST 2023), Item(id=25, name=Item25, price=5058.0, imgName=a.jpg, regdate=Sun Apr 23 12:29:40 KST 2023), Item(id=26, name=Item26, price=3355.0, imgName=a.jpg, regdate=Sun Apr 23 12:29:40 KST 2023), Item(id=27, name=Item27, price=2097.0, imgName=a.jpg, regdate=Sun Apr 23 12:29:40 KST 2023), Item(id=28, name=Item28, price=561.0, imgName=a.jpg, regdate=Sun Apr 23 12:29:40 KST 2023), Item(id=29, name=Item29, price=6263.0, imgName=a.jpg, regdate=Sun Apr 23 12:29:40 KST 2023), Item(id=30, name=Item30, price=3082.0, imgName=a.jpg, regdate=Sun Apr 23 12:29:40 KST 2023), Item(id=31, name=Item31, price=3093.0, imgName=a.jpg, regdate=Sun Apr 23 12:29:40 KST 2023), Item(id=32, name=Item32, price=761.0, imgName=a.jpg, regdate=Sun Apr 23 12:29:40 KST 2023), Item(id=33, name=Item33, price=8795.0, imgName=a.jpg, regdate=Sun Apr 23 12:29:40 KST 2023), Item(id=34, name=Item34, price=7113.0, imgName=a.jpg, regdate=Sun Apr 23 12:29:40 KST 2023), Item(id=35, name=Item35, price=4876.0, imgName=a.jpg, regdate=Sun Apr 23 12:29:40 KST 2023), Item(id=36, name=Item36, price=913.0, imgName=a.jpg, regdate=Sun Apr 23 12:29:40 KST 2023), Item(id=37, name=Item37, price=4010.0, imgName=a.jpg, regdate=Sun Apr 23 12:29:40 KST 2023), Item(id=38, name=Item38, price=5310.0, imgName=a.jpg, regdate=Sun Apr 23 12:29:40 KST 2023), Item(id=39, name=Item39, price=4805.0, imgName=a.jpg, regdate=Sun Apr 23 12:29:40 KST 2023), Item(id=40, name=Item40, price=1956.0, imgName=a.jpg, regdate=Sun Apr 23 12:29:40 KST 2023), Item(id=41, name=Item41, price=9549.0, imgName=a.jpg, regdate=Sun Apr 23 12:29:40 KST 2023), Item(id=42, name=Item42, price=86.0, imgName=a.jpg, regdate=Sun Apr 23 12:29:40 KST 2023), Item(id=43, name=Item43, price=6730.0, imgName=a.jpg, regdate=Sun Apr 23 12:29:40 KST 2023), Item(id=44, name=Item44, price=5858.0, imgName=a.jpg, regdate=Sun Apr 23 12:29:40 KST 2023), Item(id=45, name=Item45, price=3881.0, imgName=a.jpg, regdate=Sun Apr 23 12:29:40 KST 2023), Item(id=46, name=Item46, price=52.0, imgName=a.jpg, regdate=Sun Apr 23 12:29:40 KST 2023), Item(id=47, name=Item47, price=6245.0, imgName=a.jpg, regdate=Sun Apr 23 12:29:40 KST 2023), Item(id=48, name=Item48, price=8616.0, imgName=a.jpg, regdate=Sun Apr 23 12:29:40 KST 2023), Item(id=49, name=Item49, price=400.0, imgName=a.jpg, regdate=Sun Apr 23 12:29:40 KST 2023), Item(id=50, name=Item50, price=341.0, imgName=a.jpg, regdate=Sun Apr 23 12:29:40 KST 2023), Item(id=51, name=Item51, price=7304.0, imgName=a.jpg, regdate=Sun Apr 23 12:29:40 KST 2023), Item(id=52, name=Item52, price=5527.0, imgName=a.jpg, regdate=Sun Apr 23 12:29:40 KST 2023), Item(id=53, name=Item53, price=6562.0, imgName=a.jpg, regdate=Sun Apr 23 12:29:40 KST 2023), Item(id=54, name=Item54, price=4175.0, imgName=a.jpg, regdate=Sun Apr 23 12:29:40 KST 2023), Item(id=55, name=Item55, price=8828.0, imgName=a.jpg, regdate=Sun Apr 23 12:29:40 KST 2023), Item(id=56, name=Item56, price=8517.0, imgName=a.jpg, regdate=Sun Apr 23 12:29:40 KST 2023), Item(id=57, name=Item57, price=9309.0, imgName=a.jpg, regdate=Sun Apr 23 12:29:40 KST 2023), Item(id=58, name=Item58, price=3271.0, imgName=a.jpg, regdate=Sun Apr 23 12:29:40 KST 2023), Item(id=59, name=Item59, price=5915.0, imgName=a.jpg, regdate=Sun Apr 23 12:29:40 KST 2023), Item(id=60, name=Item60, price=4787.0, imgName=a.jpg, regdate=Sun Apr 23 12:29:40 KST 2023), Item(id=61, name=Item61, price=6676.0, imgName=a.jpg, regdate=Sun Apr 23 12:29:40 KST 2023), Item(id=62, name=Item62, price=3059.0, imgName=a.jpg, regdate=Sun Apr 23 12:29:40 KST 2023), Item(id=63, name=Item63, price=3984.0, imgName=a.jpg, regdate=Sun Apr 23 12:29:40 KST 2023), Item(id=64, name=Item64, price=5789.0, imgName=a.jpg, regdate=Sun Apr 23 12:29:40 KST 2023), Item(id=65, name=Item65, price=6846.0, imgName=a.jpg, regdate=Sun Apr 23 12:29:40 KST 2023), Item(id=66, name=Item66, price=2390.0, imgName=a.jpg, regdate=Sun Apr 23 12:29:40 KST 2023), Item(id=67, name=Item67, price=5805.0, imgName=a.jpg, regdate=Sun Apr 23 12:29:40 KST 2023), Item(id=68, name=Item68, price=5669.0, imgName=a.jpg, regdate=Sun Apr 23 12:29:40 KST 2023), Item(id=69, name=Item69, price=186.0, imgName=a.jpg, regdate=Sun Apr 23 12:29:40 KST 2023), Item(id=70, name=Item70, price=6364.0, imgName=a.jpg, regdate=Sun Apr 23 12:29:40 KST 2023), Item(id=71, name=Item71, price=693.0, imgName=a.jpg, regdate=Sun Apr 23 12:29:40 KST 2023), Item(id=72, name=Item72, price=8679.0, imgName=a.jpg, regdate=Sun Apr 23 12:29:40 KST 2023), Item(id=73, name=Item73, price=6806.0, imgName=a.jpg, regdate=Sun Apr 23 12:29:40 KST 2023), Item(id=74, name=Item74, price=5254.0, imgName=a.jpg, regdate=Sun Apr 23 12:29:40 KST 2023), Item(id=75, name=Item75, price=2398.0, imgName=a.jpg, regdate=Sun Apr 23 12:29:40 KST 2023), Item(id=76, name=Item76, price=5794.0, imgName=a.jpg, regdate=Sun Apr 23 12:29:40 KST 2023), Item(id=77, name=Item77, price=2063.0, imgName=a.jpg, regdate=Sun Apr 23 12:29:40 KST 2023), Item(id=78, name=Item78, price=2094.0, imgName=a.jpg, regdate=Sun Apr 23 12:29:40 KST 2023), Item(id=79, name=Item79, price=7194.0, imgName=a.jpg, regdate=Sun Apr 23 12:29:40 KST 2023), Item(id=80, name=Item80, price=1786.0, imgName=a.jpg, regdate=Sun Apr 23 12:29:40 KST 2023), Item(id=81, name=Item81, price=5073.0, imgName=a.jpg, regdate=Sun Apr 23 12:29:40 KST 2023), Item(id=82, name=Item82, price=6448.0, imgName=a.jpg, regdate=Sun Apr 23 12:29:40 KST 2023), Item(id=83, name=Item83, price=6513.0, imgName=a.jpg, regdate=Sun Apr 23 12:29:40 KST 2023), Item(id=84, name=Item84, price=5355.0, imgName=a.jpg, regdate=Sun Apr 23 12:29:40 KST 2023), Item(id=85, name=Item85, price=804.0, imgName=a.jpg, regdate=Sun Apr 23 12:29:40 KST 2023), Item(id=86, name=Item86, price=2109.0, imgName=a.jpg, regdate=Sun Apr 23 12:29:40 KST 2023), Item(id=87, name=Item87, price=9091.0, imgName=a.jpg, regdate=Sun Apr 23 12:29:40 KST 2023), Item(id=88, name=Item88, price=6549.0, imgName=a.jpg, regdate=Sun Apr 23 12:29:40 KST 2023), Item(id=89, name=Item89, price=4572.0, imgName=a.jpg, regdate=Sun Apr 23 12:29:40 KST 2023), Item(id=90, name=Item90, price=2042.0, imgName=a.jpg, regdate=Sun Apr 23 12:29:40 KST 2023), Item(id=91, name=Item91, price=6045.0, imgName=a.jpg, regdate=Sun Apr 23 12:29:40 KST 2023), Item(id=92, name=Item92, price=7689.0, imgName=a.jpg, regdate=Sun Apr 23 12:29:40 KST 2023), Item(id=93, name=Item93, price=8911.0, imgName=a.jpg, regdate=Sun Apr 23 12:29:40 KST 2023), Item(id=94, name=Item94, price=4750.0, imgName=a.jpg, regdate=Sun Apr 23 12:29:40 KST 2023), Item(id=95, name=Item95, price=8579.0, imgName=a.jpg, regdate=Sun Apr 23 12:29:40 KST 2023), Item(id=96, name=Item96, price=6281.0, imgName=a.jpg, regdate=Sun Apr 23 12:29:40 KST 2023), Item(id=97, name=Item97, price=6668.0, imgName=a.jpg, regdate=Sun Apr 23 12:29:40 KST 2023), Item(id=98, name=Item98, price=2427.0, imgName=a.jpg, regdate=Sun Apr 23 12:29:40 KST 2023), Item(id=99, name=Item99, price=2048.0, imgName=a.jpg, regdate=Sun Apr 23 12:29:40 KST 2023), Item(id=100, name=Item100, price=973.0, imgName=a.jpg, regdate=Sun Apr 23 12:29:40 KST 2023)], center=tables/hiddenTables}
[2023-04-23 12:29:40:14723][http-nio-80-exec-5] DEBUG o.s.web.servlet.view.JstlView - Forwarding to [/views/index.jsp]
[2023-04-23 12:29:40:14745][http-nio-80-exec-1] DEBUG o.s.web.servlet.DispatcherServlet - GET "/vendor/fontawesome-free/css/all.min.css", parameters={}
[2023-04-23 12:29:40:14747][http-nio-80-exec-8] DEBUG o.s.web.servlet.DispatcherServlet - GET "/css/sb-admin-2.min.css", parameters={}
[2023-04-23 12:29:40:14748][http-nio-80-exec-1] DEBUG o.s.w.s.h.SimpleUrlHandlerMapping - Mapped to ResourceHttpRequestHandler [classpath [META-INF/resources/], classpath [resources/], classpath [static/], classpath [public/], ServletContext [/]]
[2023-04-23 12:29:40:14749][http-nio-80-exec-9] DEBUG o.s.web.servlet.DispatcherServlet - GET "/img/undraw_profile_1.svg", parameters={}
[2023-04-23 12:29:40:14749][http-nio-80-exec-10] DEBUG o.s.web.servlet.DispatcherServlet - GET "/img/undraw_profile_2.svg", parameters={}
[2023-04-23 12:29:40:14749][http-nio-80-exec-8] DEBUG o.s.w.s.h.SimpleUrlHandlerMapping - Mapped to ResourceHttpRequestHandler [classpath [META-INF/resources/], classpath [resources/], classpath [static/], classpath [public/], ServletContext [/]]
[2023-04-23 12:29:40:14749][http-nio-80-exec-9] DEBUG o.s.w.s.h.SimpleUrlHandlerMapping - Mapped to ResourceHttpRequestHandler [classpath [META-INF/resources/], classpath [resources/], classpath [static/], classpath [public/], ServletContext [/]]
[2023-04-23 12:29:40:14749][http-nio-80-exec-10] DEBUG o.s.w.s.h.SimpleUrlHandlerMapping - Mapped to ResourceHttpRequestHandler [classpath [META-INF/resources/], classpath [resources/], classpath [static/], classpath [public/], ServletContext [/]]
[2023-04-23 12:29:40:14748][http-nio-80-exec-4] DEBUG o.s.web.servlet.DispatcherServlet - GET "/img/undraw_rocket.svg", parameters={}
[2023-04-23 12:29:40:14750][http-nio-80-exec-4] DEBUG o.s.w.s.h.SimpleUrlHandlerMapping - Mapped to ResourceHttpRequestHandler [classpath [META-INF/resources/], classpath [resources/], classpath [static/], classpath [public/], ServletContext [/]]
[2023-04-23 12:29:40:14751][http-nio-80-exec-9] DEBUG o.s.web.servlet.DispatcherServlet - Completed 200 OK
[2023-04-23 12:29:40:14751][http-nio-80-exec-10] DEBUG o.s.web.servlet.DispatcherServlet - Completed 200 OK
[2023-04-23 12:29:40:14753][http-nio-80-exec-4] DEBUG o.s.web.servlet.DispatcherServlet - Completed 200 OK
[2023-04-23 12:29:40:14755][http-nio-80-exec-1] DEBUG o.s.web.servlet.DispatcherServlet - Completed 200 OK
[2023-04-23 12:29:40:14755][http-nio-80-exec-9] DEBUG o.s.web.servlet.DispatcherServlet - GET "/img/undraw_profile_3.svg", parameters={}
[2023-04-23 12:29:40:14758][http-nio-80-exec-9] DEBUG o.s.w.s.h.SimpleUrlHandlerMapping - Mapped to ResourceHttpRequestHandler [classpath [META-INF/resources/], classpath [resources/], classpath [static/], classpath [public/], ServletContext [/]]
[2023-04-23 12:29:40:14760][http-nio-80-exec-8] DEBUG o.s.web.servlet.DispatcherServlet - Completed 200 OK
[2023-04-23 12:29:40:14762][http-nio-80-exec-9] DEBUG o.s.web.servlet.DispatcherServlet - Completed 200 OK
[2023-04-23 12:29:40:14793][http-nio-80-exec-2] DEBUG o.s.web.servlet.DispatcherServlet - GET "/vendor/fontawesome-free/webfonts/fa-solid-900.woff2", parameters={}
[2023-04-23 12:29:40:14795][http-nio-80-exec-2] DEBUG o.s.w.s.h.SimpleUrlHandlerMapping - Mapped to ResourceHttpRequestHandler [classpath [META-INF/resources/], classpath [resources/], classpath [static/], classpath [public/], ServletContext [/]]
[2023-04-23 12:29:40:14799][http-nio-80-exec-2] DEBUG o.s.web.servlet.DispatcherServlet - Completed 200 OK
[2023-04-23 12:29:41:14992][http-nio-80-exec-3] DEBUG o.s.web.servlet.DispatcherServlet - GET "/img/undraw_profile.svg", parameters={}
[2023-04-23 12:29:41:14993][http-nio-80-exec-6] DEBUG o.s.web.servlet.DispatcherServlet - GET "/vendor/fontawesome-free/css/all.min.css", parameters={}
[2023-04-23 12:29:41:14994][http-nio-80-exec-6] DEBUG o.s.w.s.h.SimpleUrlHandlerMapping - Mapped to ResourceHttpRequestHandler [classpath [META-INF/resources/], classpath [resources/], classpath [static/], classpath [public/], ServletContext [/]]
[2023-04-23 12:29:41:14994][http-nio-80-exec-3] DEBUG o.s.w.s.h.SimpleUrlHandlerMapping - Mapped to ResourceHttpRequestHandler [classpath [META-INF/resources/], classpath [resources/], classpath [static/], classpath [public/], ServletContext [/]]
[2023-04-23 12:29:41:14995][http-nio-80-exec-4] DEBUG o.s.web.servlet.DispatcherServlet - GET "/vendor/datatables/dataTables.bootstrap4.min.css", parameters={}
[2023-04-23 12:29:41:14996][http-nio-80-exec-8] DEBUG o.s.web.servlet.DispatcherServlet - GET "/img/a.jpg", parameters={}
[2023-04-23 12:29:41:14996][http-nio-80-exec-4] DEBUG o.s.w.s.h.SimpleUrlHandlerMapping - Mapped to ResourceHttpRequestHandler [classpath [META-INF/resources/], classpath [resources/], classpath [static/], classpath [public/], ServletContext [/]]
[2023-04-23 12:29:41:14997][http-nio-80-exec-7] DEBUG o.s.web.servlet.DispatcherServlet - GET "/css/sb-admin-2.min.css", parameters={}
[2023-04-23 12:29:41:14997][http-nio-80-exec-8] DEBUG o.s.w.s.h.SimpleUrlHandlerMapping - Mapped to ResourceHttpRequestHandler [classpath [META-INF/resources/], classpath [resources/], classpath [static/], classpath [public/], ServletContext [/]]
[2023-04-23 12:29:41:14997][http-nio-80-exec-7] DEBUG o.s.w.s.h.SimpleUrlHandlerMapping - Mapped to ResourceHttpRequestHandler [classpath [META-INF/resources/], classpath [resources/], classpath [static/], classpath [public/], ServletContext [/]]
[2023-04-23 12:29:41:14997][http-nio-80-exec-3] DEBUG o.s.web.servlet.DispatcherServlet - Completed 200 OK
[2023-04-23 12:29:41:14998][http-nio-80-exec-6] DEBUG o.s.web.servlet.DispatcherServlet - Completed 200 OK
[2023-04-23 12:29:41:15000][http-nio-80-exec-7] DEBUG o.s.web.servlet.DispatcherServlet - Completed 200 OK
[2023-04-23 12:29:41:15000][http-nio-80-exec-4] DEBUG o.s.web.servlet.DispatcherServlet - Completed 200 OK
[2023-04-23 12:29:41:15012][http-nio-80-exec-10] DEBUG o.s.web.servlet.DispatcherServlet - GET "/vendor/fontawesome-free/webfonts/fa-solid-900.woff2", parameters={}
[2023-04-23 12:29:41:15013][http-nio-80-exec-10] DEBUG o.s.w.s.h.SimpleUrlHandlerMapping - Mapped to ResourceHttpRequestHandler [classpath [META-INF/resources/], classpath [resources/], classpath [static/], classpath [public/], ServletContext [/]]
[2023-04-23 12:29:41:15015][http-nio-80-exec-1] DEBUG o.s.web.servlet.DispatcherServlet - GET "/img/a.jpg", parameters={}
[2023-04-23 12:29:41:15016][http-nio-80-exec-1] DEBUG o.s.w.s.h.SimpleUrlHandlerMapping - Mapped to ResourceHttpRequestHandler [classpath [META-INF/resources/], classpath [resources/], classpath [static/], classpath [public/], ServletContext [/]]
[2023-04-23 12:29:41:15015][http-nio-80-exec-10] DEBUG o.s.web.servlet.DispatcherServlet - Completed 200 OK
[2023-04-23 12:29:41:15019][http-nio-80-exec-5] DEBUG o.s.web.servlet.DispatcherServlet - Completed 200 OK
[2023-04-23 12:29:41:15027][http-nio-80-exec-2] DEBUG o.s.web.servlet.DispatcherServlet - GET "/vendor/bootstrap/js/bootstrap.bundle.min.js", parameters={}
[2023-04-23 12:29:41:15028][http-nio-80-exec-2] DEBUG o.s.w.s.h.SimpleUrlHandlerMapping - Mapped to ResourceHttpRequestHandler [classpath [META-INF/resources/], classpath [resources/], classpath [static/], classpath [public/], ServletContext [/]]
[2023-04-23 12:29:41:15029][http-nio-80-exec-3] DEBUG o.s.web.servlet.DispatcherServlet - GET "/vendor/jquery/jquery.min.js", parameters={}
[2023-04-23 12:29:41:15028][http-nio-80-exec-9] DEBUG o.s.web.servlet.DispatcherServlet - GET "/vendor/jquery-easing/jquery.easing.min.js", parameters={}
[2023-04-23 12:29:41:15030][http-nio-80-exec-3] DEBUG o.s.w.s.h.SimpleUrlHandlerMapping - Mapped to ResourceHttpRequestHandler [classpath [META-INF/resources/], classpath [resources/], classpath [static/], classpath [public/], ServletContext [/]]
[2023-04-23 12:29:41:15030][http-nio-80-exec-9] DEBUG o.s.w.s.h.SimpleUrlHandlerMapping - Mapped to ResourceHttpRequestHandler [classpath [META-INF/resources/], classpath [resources/], classpath [static/], classpath [public/], ServletContext [/]]
[2023-04-23 12:29:41:15030][http-nio-80-exec-9] DEBUG o.s.web.servlet.DispatcherServlet - Completed 200 OK
[2023-04-23 12:29:41:15030][http-nio-80-exec-6] DEBUG o.s.web.servlet.DispatcherServlet - GET "/img/a.jpg", parameters={}
[2023-04-23 12:29:41:15029][http-nio-80-exec-2] DEBUG o.s.web.servlet.DispatcherServlet - Completed 200 OK
[2023-04-23 12:29:41:15033][http-nio-80-exec-3] DEBUG o.s.web.servlet.DispatcherServlet - Completed 200 OK
[2023-04-23 12:29:41:15034][http-nio-80-exec-2] DEBUG o.s.web.servlet.DispatcherServlet - GET "/js/sb-admin-2.min.js", parameters={}
[2023-04-23 12:29:41:15034][http-nio-80-exec-2] DEBUG o.s.w.s.h.SimpleUrlHandlerMapping - Mapped to ResourceHttpRequestHandler [classpath [META-INF/resources/], classpath [resources/], classpath [static/], classpath [public/], ServletContext [/]]
[2023-04-23 12:29:41:15035][http-nio-80-exec-6] DEBUG o.s.w.s.h.SimpleUrlHandlerMapping - Mapped to ResourceHttpRequestHandler [classpath [META-INF/resources/], classpath [resources/], classpath [static/], classpath [public/], ServletContext [/]]
[2023-04-23 12:29:41:15035][http-nio-80-exec-4] DEBUG o.s.web.servlet.DispatcherServlet - GET "/vendor/datatables/dataTables.bootstrap4.min.js", parameters={}
[2023-04-23 12:29:41:15035][http-nio-80-exec-4] DEBUG o.s.w.s.h.SimpleUrlHandlerMapping - Mapped to ResourceHttpRequestHandler [classpath [META-INF/resources/], classpath [resources/], classpath [static/], classpath [public/], ServletContext [/]]
[2023-04-23 12:29:41:15036][http-nio-80-exec-4] DEBUG o.s.web.servlet.DispatcherServlet - Completed 200 OK
[2023-04-23 12:29:41:15039][http-nio-80-exec-2] DEBUG o.s.web.servlet.DispatcherServlet - Completed 200 OK
[2023-04-23 12:29:41:15034][http-nio-80-exec-3] DEBUG o.s.web.servlet.DispatcherServlet - GET "/vendor/datatables/jquery.dataTables.min.js", parameters={}
[2023-04-23 12:29:41:15041][http-nio-80-exec-3] DEBUG o.s.w.s.h.SimpleUrlHandlerMapping - Mapped to ResourceHttpRequestHandler [classpath [META-INF/resources/], classpath [resources/], classpath [static/], classpath [public/], ServletContext [/]]
[2023-04-23 12:29:41:15045][http-nio-80-exec-10] DEBUG o.s.web.servlet.DispatcherServlet - GET "/js/demo/datatables-demo.js", parameters={}
[2023-04-23 12:29:41:15045][http-nio-80-exec-2] DEBUG o.s.web.servlet.DispatcherServlet - GET "/vendor/chart.js/Chart.min.js", parameters={}
[2023-04-23 12:29:41:15047][http-nio-80-exec-2] DEBUG o.s.w.s.h.SimpleUrlHandlerMapping - Mapped to ResourceHttpRequestHandler [classpath [META-INF/resources/], classpath [resources/], classpath [static/], classpath [public/], ServletContext [/]]
[2023-04-23 12:29:41:15048][http-nio-80-exec-3] DEBUG o.s.web.servlet.DispatcherServlet - Completed 200 OK
[2023-04-23 12:29:41:15049][http-nio-80-exec-3] DEBUG o.s.web.servlet.DispatcherServlet - GET "/js/demo/chart-area-demo.js", parameters={}
[2023-04-23 12:29:41:15050][http-nio-80-exec-3] DEBUG o.s.w.s.h.SimpleUrlHandlerMapping - Mapped to ResourceHttpRequestHandler [classpath [META-INF/resources/], classpath [resources/], classpath [static/], classpath [public/], ServletContext [/]]
[2023-04-23 12:29:41:15048][http-nio-80-exec-10] DEBUG o.s.w.s.h.SimpleUrlHandlerMapping - Mapped to ResourceHttpRequestHandler [classpath [META-INF/resources/], classpath [resources/], classpath [static/], classpath [public/], ServletContext [/]]
[2023-04-23 12:29:41:15064][http-nio-80-exec-3] DEBUG o.s.web.servlet.DispatcherServlet - Completed 200 OK
[2023-04-23 12:29:41:15066][http-nio-80-exec-3] DEBUG o.s.web.servlet.DispatcherServlet - GET "/js/demo/chart-pie-demo.js", parameters={}
[2023-04-23 12:29:41:15067][http-nio-80-exec-3] DEBUG o.s.w.s.h.SimpleUrlHandlerMapping - Mapped to ResourceHttpRequestHandler [classpath [META-INF/resources/], classpath [resources/], classpath [static/], classpath [public/], ServletContext [/]]
[2023-04-23 12:29:41:15067][http-nio-80-exec-2] DEBUG o.s.web.servlet.DispatcherServlet - Completed 200 OK
[2023-04-23 12:29:41:15068][http-nio-80-exec-10] DEBUG o.s.web.servlet.DispatcherServlet - Completed 200 OK
[2023-04-23 12:29:41:15074][http-nio-80-exec-3] DEBUG o.s.web.servlet.DispatcherServlet - Completed 200 OK
[2023-04-23 12:29:41:15237][http-nio-80-exec-8] DEBUG o.s.web.servlet.DispatcherServlet - Completed 200 OK
[2023-04-23 12:29:41:15249][http-nio-80-exec-6] DEBUG o.s.web.servlet.DispatcherServlet - Completed 200 OK
[2023-04-23 12:29:41:15250][http-nio-80-exec-5] DEBUG o.s.web.servlet.DispatcherServlet - GET "/vendor/jquery/jquery.min.js", parameters={}
[2023-04-23 12:29:41:15250][http-nio-80-exec-1] DEBUG o.s.web.servlet.DispatcherServlet - Completed 200 OK
[2023-04-23 12:29:41:15252][http-nio-80-exec-5] DEBUG o.s.w.s.h.SimpleUrlHandlerMapping - Mapped to ResourceHttpRequestHandler [classpath [META-INF/resources/], classpath [resources/], classpath [static/], classpath [public/], ServletContext [/]]
[2023-04-23 12:29:41:15254][http-nio-80-exec-5] DEBUG o.s.web.servlet.DispatcherServlet - Completed 200 OK
[2023-04-23 12:29:41:15500][http-nio-80-exec-9] DEBUG o.s.web.servlet.DispatcherServlet - GET "/vendor/bootstrap/js/bootstrap.bundle.min.js", parameters={}
[2023-04-23 12:29:41:15500][http-nio-80-exec-9] DEBUG o.s.w.s.h.SimpleUrlHandlerMapping - Mapped to ResourceHttpRequestHandler [classpath [META-INF/resources/], classpath [resources/], classpath [static/], classpath [public/], ServletContext [/]]
[2023-04-23 12:29:41:15501][http-nio-80-exec-9] DEBUG o.s.web.servlet.DispatcherServlet - Completed 200 OK
[2023-04-23 12:29:41:15504][http-nio-80-exec-7] DEBUG o.s.web.servlet.DispatcherServlet - GET "/vendor/jquery-easing/jquery.easing.min.js", parameters={}
[2023-04-23 12:29:41:15504][http-nio-80-exec-7] DEBUG o.s.w.s.h.SimpleUrlHandlerMapping - Mapped to ResourceHttpRequestHandler [classpath [META-INF/resources/], classpath [resources/], classpath [static/], classpath [public/], ServletContext [/]]
[2023-04-23 12:29:41:15506][http-nio-80-exec-7] DEBUG o.s.web.servlet.DispatcherServlet - Completed 200 OK
[2023-04-23 12:29:41:15737][http-nio-80-exec-4] DEBUG o.s.web.servlet.DispatcherServlet - GET "/js/sb-admin-2.min.js", parameters={}
[2023-04-23 12:29:41:15737][http-nio-80-exec-4] DEBUG o.s.w.s.h.SimpleUrlHandlerMapping - Mapped to ResourceHttpRequestHandler [classpath [META-INF/resources/], classpath [resources/], classpath [static/], classpath [public/], ServletContext [/]]
[2023-04-23 12:29:41:15738][http-nio-80-exec-4] DEBUG o.s.web.servlet.DispatcherServlet - Completed 200 OK
